
 PRINTOUT RESUMED BY /GOP

 *****  ANSYS SOLUTION ROUTINE  *****

 PRINTOUT RESUMED BY /GOP

                      L O A D   S T E P   O P T I O N S

   LOAD STEP NUMBER. . . . . . . . . . . . . . . .     1
   TIME AT END OF THE LOAD STEP. . . . . . . . . .  1.0000    
   NUMBER OF SUBSTEPS. . . . . . . . . . . . . . .     1
   STEP CHANGE BOUNDARY CONDITIONS . . . . . . . .    NO
   PRINT OUTPUT CONTROLS . . . . . . . . . . . . .NO PRINTOUT
   DATABASE OUTPUT CONTROLS
      ITEM     FREQUENCY   COMPONENT
       ALL       NONE               
      NSOL        ALL               
      RSOL        ALL               
      STRS        ALL               




  *** MASS SUMMARY BY ELEMENT TYPE ***

  TYPE      MASS
     1   198.803    
 AN AVERAGE OF THE X-, Y-, AND Z-DIRECTION MASS TERMS ARE USED

  Local memory allocated for solver              =    448.154 MB
  Local memory required for in-core solution     =    431.893 MB
  Local memory required for out-of-core solution =    249.379 MB

 *** NOTE ***                            CP =       7.656   TIME= 09:58:38
 The Distributed Sparse Matrix Solver is currently running in the        
 in-core memory mode.  This memory mode uses the most amount of memory   
 in order to avoid using the hard drive as much as possible, which most  
 often results in the fastest solution time.  This mode is recommended   
 if enough physical memory is present to accommodate all of the solver   
 data.                                                                   

   *** ELEMENT RESULT CALCULATION TIMES
     TYPE    NUMBER   ENAME      TOTAL CP  AVE CP

        1     59394  SOLID187      2.031   0.000034
        2       226  SURF154       0.000   0.000000
        3       206  SURF154       0.000   0.000000
        4       694  SURF154       0.000   0.000000

   *** NODAL LOAD CALCULATION TIMES
     TYPE    NUMBER   ENAME      TOTAL CP  AVE CP

        1     59394  SOLID187      0.047   0.000001
        2       226  SURF154       0.000   0.000000
        3       206  SURF154       0.000   0.000000
        4       694  SURF154       0.000   0.000000
 *** LOAD STEP     1   SUBSTEP     1  COMPLETED.    CUM ITER =      1
 *** TIME =   1.00000         TIME INC =   1.00000      NEW TRIANG MATRIX


 *** ANSYS BINARY FILE STATISTICS
  BUFFER SIZE USED= 16384
       96.938 MB WRITTEN ON ELEMENT SAVED DATA FILE: file1.esav
       82.188 MB WRITTEN ON ASSEMBLED MATRIX FILE: file1.full
       20.000 MB WRITTEN ON RESULTS FILE: file1.rst

 FINISH SOLUTION PROCESSING


 ***** ROUTINE COMPLETED *****  CP =        16.859




 NUMBER OF WARNING MESSAGES ENCOUNTERED=          0
 NUMBER OF ERROR   MESSAGES ENCOUNTERED=          0


 *---------------------------------------------------------------------------*
 |                                                                           |
 |                       DISTRIBUTED ANSYS RUN COMPLETED                     |
 |                                                                           |
 |---------------------------------------------------------------------------|
 |                                                                           |
 | Ansys Release 19.1          Build 19.1         UP20180418     WINDOWS x64 |
 |                                                                           |
 |---------------------------------------------------------------------------|
 |                                                                           |
 | Database Requested(-db)     1 MB    Scratch Memory Requested      1024 MB |
 | Maximum Database Used       1 MB    Maximum Scratch Memory Used    504 MB |
 |                                                                           |
 |---------------------------------------------------------------------------|
 |                                                                           |
 |        CP Time      (sec) =         16.859       Time  =  09:59:01        |
 |        Elapsed Time (sec) =         40.000       Date  =  06/11/2019      |
 |                                                                           |
 *---------------------------------------------------------------------------*
