

 *------------------------------------------------------------------*
 |                                                                  |
 |   W E L C O M E   T O   T H E   A N S Y S (R)  P R O G R A M     |
 |                                                                  |
 *------------------------------------------------------------------*




 ***************************************************************
 *            ANSYS Release 19.1     LEGAL NOTICES             *
 ***************************************************************
 *                                                             *
 * Copyright 1971-2018 ANSYS, Inc.  All rights reserved.       *
 * Unauthorized use, distribution or duplication is            *
 * prohibited.                                                 *
 *                                                             *
 * Ansys is a registered trademark of ANSYS, Inc. or its       *
 * subsidiaries in the United States or other countries.       *
 * See the ANSYS, Inc. online documentation or the ANSYS, Inc. *
 * documentation CD or online help for the complete Legal      *
 * Notice.                                                     *
 *                                                             *
 ***************************************************************
 *                                                             *
 * THIS ANSYS SOFTWARE PRODUCT AND PROGRAM DOCUMENTATION       *
 * INCLUDE TRADE SECRETS AND CONFIDENTIAL AND PROPRIETARY      *
 * PRODUCTS OF ANSYS, INC., ITS SUBSIDIARIES, OR LICENSORS.    *
 * The software products and documentation are furnished by    *
 * ANSYS, Inc. or its subsidiaries under a software license    *
 * agreement that contains provisions concerning               *
 * non-disclosure, copying, length and nature of use,          *
 * compliance with exporting laws, warranties, disclaimers,    *
 * limitations of liability, and remedies, and other           *
 * provisions.  The software products and documentation may be *
 * used, disclosed, transferred, or copied only in accordance  *
 * with the terms and conditions of that software license      *
 * agreement.                                                  *
 *                                                             *
 * ANSYS, Inc. is a UL registered                              *
 * ISO 9001:2008 company.                                      *
 *                                                             *
 ***************************************************************
 *                                                             *
 * This product is subject to U.S. laws governing export and   *
 * re-export.                                                  *
 *                                                             *
 * For U.S. Government users, except as specifically granted   *
 * by the ANSYS, Inc. software license agreement, the use,     *
 * duplication, or disclosure by the United States Government  *
 * is subject to restrictions stated in the ANSYS, Inc.        *
 * software license agreement and FAR 12.212 (for non-DOD      *
 * licenses).                                                  *
 *                                                             *
 ***************************************************************



          *****  ANSYS COMMAND LINE ARGUMENTS  *****
  BATCH MODE REQUESTED (-b)    = NOLIST
  INPUT FILE COPY MODE (-c)    = NOCOPY
  DISTRIBUTED MEMORY PARALLEL REQUESTED
       2 PARALLEL PROCESSES REQUESTED WITH SINGLE THREAD PER PROCESS
    TOTAL OF     2 CORES REQUESTED
  MPI OPTION                   = INTELMPI
  INPUT FILE NAME              = C:\Users\ttweedy\AppData\Local\Temp\636958438773152493\live.dat
  OUTPUT FILE NAME             = H:\My Documents\DSE\Door2Door\Ground\sim1_files\dp0\Study\AIM\physics1\output.lis
    SERVER PORT REQUESTED      = 50857       

 Release 19.1
     
 Point Releases and Patches installed:   
     
 ANSYS, Inc. Products Release 19.1   
 SpaceClaim Release 19.1 
 AIM Release 19.1
 Autodyn Release 19.1
 LS-DYNA Release 19.1
 CFD-Post only Release 19.1  
 CFX (includes CFD-Post) Release 19.1
 Chemkin Release 19.1
 EnSight Release 19.1
 FENSAP-ICE Release 19.1 
 Fluent (includes CFD-Post) Release 19.1 
 Forte Release 19.1  
 Polyflow (includes CFD-Post) Release 19.1   
 TurboGrid Release 19.1  
 ICEM CFD Release 19.1   
 Aqwa Release 19.1   
 Customization Files for User Programmable Features Release 19.1 
 Mechanical Products Release 19.1
 Icepak (includes CFD-Post) Release 19.1 
 Remote Solve Manager Standalone Services Release 19.1   
 Viewer Release 19.1 
 ACIS Geometry Interface Release 19.1
 AutoCAD Geometry Interface Release 19.1 
 Catia, Version 4 Geometry Interface Release 19.1
 Catia, Version 5 Geometry Interface Release 19.1
 Catia, Version 6 Geometry Interface Release 19.1
 Creo Elements/Direct Modeling Geometry Interface Release 19.1   
 Creo Parametric Geometry Interface Release 19.1 
 Inventor Geometry Interface Release 19.1
 JTOpen Geometry Interface Release 19.1  
 NX Geometry Interface Release 19.1  
 Parasolid Geometry Interface  Release 19.1  
 Solid Edge Geometry Interface Release 19.1  
 SOLIDWORKS Geometry Interface Release 19.1  
 ANSYS, Inc. License Manager Release 19.1

 PARAMETER _DS_PROGRESS =     999.0000000    

 /INPUT FILE= input.dat  LINE=       0
 --- Data in consistent MKS units.

 MKS UNITS SPECIFIED FOR INTERNAL    
  LENGTH        (l)  = METER (M)
  MASS          (M)  = KILOGRAM (KG)
  TIME          (t)  = SECOND (SEC)
  TEMPERATURE   (T)  = CELSIUS (C)
  TOFFSET            = 273.0
  CHARGE        (Q)  = COULOMB
  FORCE         (f)  = NEWTON (N) (KG-M/SEC2)
  HEAT               = JOULE (N-M)

  PRESSURE           = PASCAL (NEWTON/M**2)
  ENERGY        (W)  = JOULE (N-M)
  POWER         (P)  = WATT (N-M/SEC)
  CURRENT       (i)  = AMPERE (COULOMBS/SEC)
  CAPACITANCE   (C)  = FARAD
  INDUCTANCE    (L)  = HENRY
  MAGNETIC FLUX      = WEBER
  RESISTANCE    (R)  = OHM
  ELECTRIC POTENTIAL = VOLT

 INPUT  UNITS ARE ALSO SET TO MKS 



 *** ANSYS - ENGINEERING ANALYSIS SYSTEM  RELEASE Release 19.1     19.1     ***
 DISTRIBUTED ANSYS AIM Pro                                     

 00429955  VERSION=WINDOWS x64   09:58:25  JUN 11, 2019 CP=      0.672

                                                                               



          ***** ANSYS ANALYSIS DEFINITION (PREP7) *****
 *********** Write element types ***********
 *********** Done writing element types ***********
 *********** Write materials ***********
 *********** Read mesh ***********
 *********** Write nodes ***********
 *********** Element Group 1 ***********
 *********** Read load elements ***********
 *********** Element Group 2 ***********
 *********** Element Group 3 ***********
 *********** Element Group 4 ***********
 *********** Read components ***********


 ***** ROUTINE COMPLETED *****  CP =         1.391



 PRINTOUT RESUMED BY /GOP
 --- Number of total nodes = 113085
 --- Number of total elements = 60520

 Graphical-Solution-Tracking set to ON
 For /MENU,ON or /MENU,GRPH operations, GST ToFile option is ON  
 ****************************************************************************
 *************************    SOLUTION       ********************************
 ****************************************************************************

 *****  ANSYS SOLUTION ROUTINE  *****


 PERFORM A STATIC ANALYSIS
  THIS WILL BE A NEW ANALYSIS
 ****************************************************
 *********** Solve for Load Step 1 ***********
  Start writing variable values

 PARAMETER _VAL1 =     0.000000000    

 PARAMETER _VAL2 =     0.000000000    

 PARAMETER _VAL3 =    -70917.14975    

 PARAMETER _VAL4 =     0.000000000    

 PARAMETER _VAL5 =     0.000000000    

 PARAMETER _VAL6 =     0.000000000    
  Done writing variable values

 SPECIFIED CONSTRAINT UX   FOR PICKED NODES 
 REAL=  0.00000000       IMAG=  0.00000000    

 SPECIFIED CONSTRAINT UY   FOR PICKED NODES 
 REAL=  0.00000000       IMAG=  0.00000000    

 SPECIFIED CONSTRAINT UZ   FOR PICKED NODES 
 REAL=  0.00000000       IMAG=  0.00000000    

 PRINTOUT RESUMED BY /GOP

 DEFINE RESTART CONTROL FOR LOADSTEP LAST
 AT FREQUENCY OF LAST AND NUMBER FOR OVERWRITE IS    0

 WRITE MULTIFRAME RESTART FILES EVEN
 WHEN IT IS A LINEAR STATIC ANALYSIS

 ERASE THE CURRENT DATABASE OUTPUT CONTROL TABLE.


 WRITE ALL  ITEMS TO THE DATABASE WITH A FREQUENCY OF NONE
   FOR ALL APPLICABLE ENTITIES

 TIME=  1.0000    

 NONLINEAR STABILIZATION CONTROL:
 KEY=OFF 


 USE THE DEFAULT NUMBER EQUILIBRIUM ITERATIONS EACH SUBSTEP.

 WRITE NSOL ITEMS TO THE DATABASE WITH A FREQUENCY OF ALL 
   FOR ALL APPLICABLE ENTITIES

 WRITE RSOL ITEMS TO THE DATABASE WITH A FREQUENCY OF ALL 
   FOR ALL APPLICABLE ENTITIES

 WRITE STRS ITEMS TO THE DATABASE WITH A FREQUENCY OF ALL 
   FOR ALL APPLICABLE ENTITIES

 SELECT ALL ENTITIES OF TYPE= ALL  AND BELOW

 *GET  ANSINTER_  FROM  ACTI  ITEM=INT        VALUE=  0.00000000    

 *IF  ANSINTER_                         ( =   0.00000     )  NE  
      0                                 ( =   0.00000     )  THEN    

 *ENDIF

 *** NOTE ***                            CP =       1.422   TIME= 09:58:26
 The automatic domain decomposition logic has selected the MESH domain   
 decomposition method with 2 processes per solution.                     

 *****  ANSYS SOLVE    COMMAND  *****

 *** NOTE ***                            CP =       1.453   TIME= 09:58:26
 There is no title defined for this analysis.                            

 *** WARNING ***                         CP =       1.453   TIME= 09:58:26
 Element shape checking is currently inactive.  Issue SHPP,ON or         
 SHPP,WARN to reactivate, if desired.                                    

 *** NOTE ***                            CP =       1.609   TIME= 09:58:26
 The model data was checked and warning messages were found.             
  Please review output or errors file ( H:\My                            
 Documents\DSE\Door2Door\Ground\sim1_files\dp0\Study\AIM\physics1\file0. 
 .err ) for these warning messages.                                      

 *** SELECTION OF ELEMENT TECHNOLOGIES FOR APPLICABLE ELEMENTS ***
      --- GIVE SUGGESTIONS AND RESET THE KEY OPTIONS ---

 ELEMENT TYPE    1 IS SOLID187. IT IS NOT ASSOCIATED WITH FULLY INCOMPRESSIBLE
 HYPERELASTIC MATERIALS. NO SUGGESTION IS AVAILABLE AND NO RESETTING IS NEEDED.



 *** ANSYS - ENGINEERING ANALYSIS SYSTEM  RELEASE Release 19.1     19.1     ***
 DISTRIBUTED ANSYS AIM Pro                                     

 00429955  VERSION=WINDOWS x64   09:58:26  JUN 11, 2019 CP=      1.609

                                                                               



                       S O L U T I O N   O P T I O N S

   PROBLEM DIMENSIONALITY. . . . . . . . . . . . .3-D                  
   DEGREES OF FREEDOM. . . . . . UX   UY   UZ  
   ANALYSIS TYPE . . . . . . . . . . . . . . . . .STATIC (STEADY-STATE)
   OFFSET TEMPERATURE FROM ABSOLUTE ZERO . . . . .  273.15    
   GLOBALLY ASSEMBLED MATRIX . . . . . . . . . . .SYMMETRIC  

 *** NOTE ***                            CP =       1.672   TIME= 09:58:27
 The conditions for direct assembly have been met.  No .emat or .erot    
 files will be produced.                                                 

  
  
     D I S T R I B U T E D   D O M A I N   D E C O M P O S E R
  
  ...Number of elements: 60520
  ...Number of nodes:    113085
  ...Decompose to 2 CPU domains
  ...Element load balance ratio =     1.019


                      L O A D   S T E P   O P T I O N S

   LOAD STEP NUMBER. . . . . . . . . . . . . . . .     1
   TIME AT END OF THE LOAD STEP. . . . . . . . . .  1.0000    
   NUMBER OF SUBSTEPS. . . . . . . . . . . . . . .     1
   STEP CHANGE BOUNDARY CONDITIONS . . . . . . . .    NO
   PRINT OUTPUT CONTROLS . . . . . . . . . . . . .NO PRINTOUT
   DATABASE OUTPUT CONTROLS
      ITEM     FREQUENCY   COMPONENT
       ALL       NONE               
      NSOL        ALL               
      RSOL        ALL               
      STRS        ALL               


 SOLUTION MONITORING INFO IS WRITTEN TO FILE= file.mntr                                                                                                                                                                                                                                                           



                         ***********  PRECISE MASS SUMMARY  ***********

   TOTAL RIGID BODY MASS MATRIX ABOUT ORIGIN
               Translational mass               |   Coupled translational/rotational mass
         414.49        0.0000        0.0000     |     0.0000        136.46      -0.19779E-01
         0.0000        414.49        0.0000     |    -136.46        0.0000       -833.95    
         0.0000        0.0000        414.49     |    0.19779E-01    833.95        0.0000    
     ------------------------------------------ | ------------------------------------------
                                                |         Rotational mass (inertia)
                                                |     364.20       0.37417E-01    279.90    
                                                |    0.37417E-01    2558.2      -0.30659E-02
                                                |     279.90      -0.30659E-02    2663.0    

   TOTAL MASS =  414.49    
     The mass principal axes coincide with the global Cartesian axes

   CENTER OF MASS (X,Y,Z)=   -2.0120       0.47719E-04   0.32922    

   TOTAL INERTIA ABOUT CENTER OF MASS
         319.28      -0.23790E-02    5.3414    
       -0.23790E-02    835.42       0.34459E-02
         5.3414       0.34459E-02    985.13    

   PRINCIPAL INERTIAS =    319.23        835.42        985.17    
   ORIENTATION VECTORS OF THE INERTIA PRINCIPAL AXES IN GLOBAL CARTESIAN
     ( 1.000, 0.000,-0.008) (-0.000, 1.000,-0.000) ( 0.008, 0.000, 1.000) 


  *** MASS SUMMARY BY ELEMENT TYPE ***

  TYPE      MASS
     1   414.490    

 Range of element maximum matrix coefficients in global coordinates
 Maximum = 6.317777631E+10 at element 43862.                             
 Minimum = 481231319 at element 4224.                                    

   *** ELEMENT MATRIX FORMULATION TIMES
     TYPE    NUMBER   ENAME      TOTAL CP  AVE CP

        1     59394  SOLID187      3.656   0.000062
        2       226  SURF154       0.000   0.000000
        3       206  SURF154       0.000   0.000000
        4       694  SURF154       0.016   0.000023
 Time at end of element matrix formulation CP = 4.515625.                

 ALL CURRENT ANSYS DATA WRITTEN TO FILE NAME= file.rdb
  FOR POSSIBLE RESUME FROM THIS POINT

 DISTRIBUTED SPARSE MATRIX DIRECT SOLVER.
  Number of equations =      337674,    Maximum wavefront =    387

  Local memory allocated for solver              =    471.798 MB
  Local memory required for in-core solution     =    454.557 MB
  Local memory required for out-of-core solution =    261.216 MB

  Total memory allocated for solver              =    919.952 MB
  Total memory required for in-core solution     =    886.451 MB
  Total memory required for out-of-core solution =    510.595 MB

 *** NOTE ***                            CP =       6.875   TIME= 09:58:38
 The Distributed Sparse Matrix Solver is currently running in the        
 in-core memory mode.  This memory mode uses the most amount of memory   
 in order to avoid using the hard drive as much as possible, which most  
 often results in the fastest solution time.  This mode is recommended   
 if enough physical memory is present to accommodate all of the solver   
 data.                                                                   
 Distributed sparse solver maximum pivot= 6.805738113E+10 at node 23625  
 UY.                                                                     
 Distributed sparse solver minimum pivot= 78774.6585 at node 94178 UZ.   
 Distributed sparse solver minimum pivot in absolute value= 78774.6585   
 at node 94178 UZ.                                                       

   *** ELEMENT RESULT CALCULATION TIMES
     TYPE    NUMBER   ENAME      TOTAL CP  AVE CP

        1     59394  SOLID187      2.031   0.000034
        2       226  SURF154       0.000   0.000000
        3       206  SURF154       0.000   0.000000
        4       694  SURF154       0.000   0.000000

   *** NODAL LOAD CALCULATION TIMES
     TYPE    NUMBER   ENAME      TOTAL CP  AVE CP

        1     59394  SOLID187      0.047   0.000001
        2       226  SURF154       0.000   0.000000
        3       206  SURF154       0.000   0.000000
        4       694  SURF154       0.000   0.000000
 *** LOAD STEP     1   SUBSTEP     1  COMPLETED.    CUM ITER =      1
 *** TIME =   1.00000         TIME INC =   1.00000      NEW TRIANG MATRIX


 *** ANSYS BINARY FILE STATISTICS
  BUFFER SIZE USED= 16384
       98.438 MB WRITTEN ON ELEMENT SAVED DATA FILE: file0.esav
       83.938 MB WRITTEN ON ASSEMBLED MATRIX FILE: file0.full
       21.312 MB WRITTEN ON RESULTS FILE: file0.rst

   - MAPDL RPC client requesting to continue with MAPDL processing...

 ****************************************************
 *********** Finished Solve for Load Step 1 ***********
  

 FINISH SOLUTION PROCESSING


 ***** ROUTINE COMPLETED *****  CP =        10.891



 *** ANSYS - ENGINEERING ANALYSIS SYSTEM  RELEASE Release 19.1     19.1     ***
 DISTRIBUTED ANSYS AIM Pro                                     

 00429955  VERSION=WINDOWS x64   09:58:54  JUN 11, 2019 CP=     10.891

                                                                               



          ***** ANSYS RESULTS INTERPRETATION (POST1) *****

 *** NOTE ***                            CP =      10.891   TIME= 09:58:54
 Reading results into the database (SET command) will update the current 
 displacement and force boundary conditions in the database with the     
 values from the results file for that load set.  Note that any          
 subsequent solutions will use these values unless action is taken to    
 either SAVE the current values or not overwrite them (/EXIT,NOSAVE).    

 EXIT THE ANSYS POST1 DATABASE PROCESSOR


 ***** ROUTINE COMPLETED *****  CP =        10.891



 *GET  ANSINTER_  FROM  ACTI  ITEM=INT        VALUE=  0.00000000    

 *IF  ANSINTER_                         ( =   0.00000     )  EQ  
      0                                 ( =   0.00000     )  THEN    

 /OUTPUT FILE= file.success

 *ENDIF


 NUMBER OF WARNING MESSAGES ENCOUNTERED=          1
 NUMBER OF ERROR   MESSAGES ENCOUNTERED=          0

+--------- D I S T R I B U T E D   A N S Y S   S T A T I S T I C S ------------+

Release: Release 19.1       Build: 19.1       Update: UP20180418   Platform: WINDOWS x64 
Date Run: 06/11/2019   Time: 09:58     Process ID: 11748
Operating System: Windows 10  (Build: 16299)

Processor Model: Intel(R) Core(TM) i5-4670 CPU @ 3.40GHz

Compiler: Intel(R) FORTRAN Compiler Version 17.0.4  (Build: 20170411)
          Intel(R) C/C++ Compiler Version 17.0.4  (Build: 20170411)
          Intel(R) Math Kernel Library Version 2017.0.3 Product Build 20170413
 
Number of processes requested           :    2
Number of threads per process requested :    1
Total number of cores requested         :    2 (Distributed Memory Parallel)               
MPI Type: INTELMPI
MPI Version: Intel(R) MPI Library 2017 Update 3 for Windows* OS


GPU Acceleration: Not Requested

Job Name: file
Input File: live.dat

  Core                Machine Name   Working Directory
 -----------------------------------------------------
     0       TUD206617.tudelft.net   C:\Users\ttweedy\AppData\Local\Temp\636958438773152493
     1       TUD206617.tudelft.net   C:\Users\ttweedy\AppData\Local\Temp\636958438773152493
 
Latency time from master to core     1 =    0.893 microseconds
 
Communication speed from master to core     1 =  3271.39 MB/sec

Total CPU time for main thread                    :       10.4 seconds
Total CPU time summed for all threads             :       11.2 seconds

Elapsed time spent pre-processing model (/PREP7)  :        1.0 seconds
Elapsed time spent solution - preprocessing       :        0.6 seconds
Elapsed time spent computing solution             :       20.6 seconds
Elapsed time spent solution - postprocessing      :        5.3 seconds
Elapsed time spent post-processing model (/POST1) :        0.0 seconds
 
Equation solver used                              :            Sparse (symmetric)
Equation solver computational rate                :       14.1 Gflops
Equation solver effective I/O rate                :        8.6 GB/sec

+------ E N D   D I S T R I B U T E D   A N S Y S   S T A T I S T I C S -------+


 *---------------------------------------------------------------------------*
 |                                                                           |
 |                       DISTRIBUTED ANSYS RUN COMPLETED                     |
 |                                                                           |
 |---------------------------------------------------------------------------|
 |                                                                           |
 | Release 19.1            Build 19.1            UP20180418      WINDOWS x64 |
 |                                                                           |
 |---------------------------------------------------------------------------|
 |                                                                           |
 | Database Requested(-db)  1024 MB    Scratch Memory Requested      1024 MB |
 | Maximum Database Used      69 MB    Maximum Scratch Memory Used    530 MB |
 |                                                                           |
 |---------------------------------------------------------------------------|
 |                                                                           |
 |        CP Time      (sec) =         10.500       Time  =  09:58:54        |
 |        Elapsed Time (sec) =         30.000       Date  =  06/11/2019      |
 |                                                                           |
 *---------------------------------------------------------------------------*
